<?xml version="1.0" encoding="UTF-8"?>
<testsuite name="CreateStoreAndInstallApp"
           tests="8"
           failures="0"
           errors="0"
           skipped="0"
           time="989.406">
  <properties />
  
  
            <testcase name="VerifySwitcherSettingsDefaultTemplatesTab" time="29.820" classname="transcy.createStoreAndInstallApp" />
                <testcase name="LoginPartnerFireAppsDev" time="46.919" classname="transcy.createStoreAndInstallApp" />
                <testcase name="InstallTranscyAppUAT" time="102.945" classname="transcy.createStoreAndInstallApp" />
                <testcase name="VerifySwitcherSettingsDefaultGeneralTab" time="49.479" classname="transcy.createStoreAndInstallApp" />
                <testcase name="VerifySwitcherSettingsDefaultCustomizationTab" time="585.170" classname="transcy.createStoreAndInstallApp" />
                <testcase name="VerifyModalFirstTimeGoToMenuSwitcher" time="62.538" classname="transcy.createStoreAndInstallApp" />
                <testcase name="CreateStoreTestInPartner" time="70.044" classname="transcy.createStoreAndInstallApp" />
                <testcase name="AddStoreTestTranscyInAdminTool" time="42.491" classname="transcy.createStoreAndInstallApp" />
      
</testsuite>
